<?xml version="1.0" encoding="UTF-8"?>
<testng-results ignored="0" total="1" passed="1" failed="0" skipped="0">
  <reporter-output>
  </reporter-output>
  <suite started-at="2020-08-22T23:05:19 EDT" name="Default suite" finished-at="2020-08-22T23:05:31 EDT" duration-ms="12547">
    <groups>
    </groups>
    <test started-at="2020-08-22T23:05:19 EDT" name="Default test" finished-at="2020-08-22T23:05:31 EDT" duration-ms="12547">
      <class name="com.training.sanity.tests.LoginPOMTests">
        <test-method is-config="true" signature="setUpBeforeClass()[pri:0, instance:com.training.sanity.tests.LoginPOMTests@163e4e87]" started-at="2020-08-22T23:05:19 EDT" name="setUpBeforeClass" finished-at="2020-08-22T23:05:19 EDT" duration-ms="8" status="PASS">
          <reporter-output>
          </reporter-output>
        </test-method> <!-- setUpBeforeClass -->
        <test-method is-config="true" signature="setUp()[pri:0, instance:com.training.sanity.tests.LoginPOMTests@163e4e87]" started-at="2020-08-22T23:05:19 EDT" name="setUp" finished-at="2020-08-22T23:05:27 EDT" duration-ms="8660" status="PASS">
          <reporter-output>
          </reporter-output>
        </test-method> <!-- setUp -->
        <test-method signature="validLoginTest()[pri:0, instance:com.training.sanity.tests.LoginPOMTests@163e4e87]" started-at="2020-08-22T23:05:27 EDT" name="validLoginTest" finished-at="2020-08-22T23:05:31 EDT" duration-ms="3834" status="PASS">
          <reporter-output>
          </reporter-output>
        </test-method> <!-- validLoginTest -->
        <test-method is-config="true" signature="tearDown()[pri:0, instance:com.training.sanity.tests.LoginPOMTests@163e4e87]" started-at="2020-08-22T23:05:31 EDT" name="tearDown" finished-at="2020-08-22T23:05:31 EDT" duration-ms="6" status="PASS">
          <reporter-output>
          </reporter-output>
        </test-method> <!-- tearDown -->
      </class> <!-- com.training.sanity.tests.LoginPOMTests -->
    </test> <!-- Default test -->
  </suite> <!-- Default suite -->
</testng-results>
